[INFO ] 2024-12-04 18:44:47.311 - Driver Started
[INFO ] 2024-12-04 18:44:47.714 - Driver closed
[INFO ] 2024-12-04 19:19:32.466 - Driver Started
[INFO ] 2024-12-04 19:19:33.958 - Driver closed
[INFO ] 2024-12-04 19:20:56.800 - Driver Started
[INFO ] 2024-12-04 19:20:57.137 - Driver closed
[INFO ] 2024-12-04 19:22:10.304 - Driver Started
[INFO ] 2024-12-04 19:22:10.609 - Driver closed
[INFO ] 2024-12-04 19:24:43.449 - Driver Started
[INFO ] 2024-12-04 19:24:43.716 - Driver closed
[INFO ] 2024-12-04 19:26:02.167 - Driver Started
[INFO ] 2024-12-04 19:26:02.453 - Driver closed
[INFO ] 2024-12-04 19:26:26.616 - Driver Started
[INFO ] 2024-12-04 19:26:26.910 - Driver closed
[INFO ] 2024-12-04 19:26:50.257 - Driver Started
[INFO ] 2024-12-04 19:27:58.570 - Driver Started
[INFO ] 2024-12-04 19:27:59.232 - Entered Username and Password
[INFO ] 2024-12-04 19:28:00.929 - Clicked Login
[INFO ] 2024-12-04 19:28:01.401 - Driver closed
[INFO ] 2024-12-04 19:33:35.169 - Driver Started
[INFO ] 2024-12-04 19:33:35.616 - Entered Username and Password
[INFO ] 2024-12-04 19:33:39.930 - Clicked Login
[INFO ] 2024-12-04 19:33:40.437 - Driver closed
[INFO ] 2024-12-04 19:33:43.200 - Driver Started
[INFO ] 2024-12-04 19:33:43.704 - Entered Username and Password
[INFO ] 2024-12-04 19:33:43.887 - Clicked Login
[INFO ] 2024-12-04 19:33:54.356 - Driver closed
[INFO ] 2024-12-04 19:33:57.695 - Driver Started
[INFO ] 2024-12-04 19:33:58.275 - Entered Username and Password
[INFO ] 2024-12-04 19:33:58.892 - Clicked Login
[INFO ] 2024-12-04 19:33:59.354 - Driver closed
[INFO ] 2024-12-04 19:34:02.440 - Driver Started
[INFO ] 2024-12-04 19:34:02.801 - Entered Username and Password
[INFO ] 2024-12-04 19:34:08.664 - Clicked Login
[INFO ] 2024-12-04 19:34:09.066 - Driver closed
[INFO ] 2024-12-04 19:35:37.325 - Driver Started
[INFO ] 2024-12-04 19:35:37.705 - Entered Username and Password
[INFO ] 2024-12-04 19:35:42.647 - Clicked Login
[INFO ] 2024-12-04 19:35:43.244 - Driver closed
[INFO ] 2024-12-04 19:35:47.696 - Driver Started
[INFO ] 2024-12-04 19:35:48.198 - Entered Username and Password
[INFO ] 2024-12-04 19:35:48.673 - Clicked Login
[INFO ] 2024-12-04 19:35:48.977 - Driver closed
[INFO ] 2024-12-04 19:35:52.301 - Driver Started
[INFO ] 2024-12-04 19:35:52.758 - Entered Username and Password
[INFO ] 2024-12-04 19:35:58.499 - Clicked Login
[INFO ] 2024-12-04 19:35:58.936 - Driver closed
[INFO ] 2024-12-04 19:38:02.558 - Driver Started
[INFO ] 2024-12-04 19:38:03.116 - Entered Username and Password
[INFO ] 2024-12-04 19:38:06.816 - Clicked Login
[INFO ] 2024-12-04 19:38:07.388 - Driver closed
[INFO ] 2024-12-04 19:38:10.617 - Driver Started
[INFO ] 2024-12-04 19:38:11.011 - Entered Username and Password
[INFO ] 2024-12-04 19:38:11.467 - Clicked Login
[INFO ] 2024-12-04 19:38:11.765 - Driver closed
[INFO ] 2024-12-04 19:38:14.964 - Driver Started
[INFO ] 2024-12-04 19:38:15.392 - Entered Username and Password
[INFO ] 2024-12-04 19:38:20.723 - Clicked Login
[INFO ] 2024-12-04 19:38:21.102 - Driver closed
[INFO ] 2024-12-04 19:44:27.209 - Driver Started
[INFO ] 2024-12-04 19:44:27.642 - Entered Username and Password
[INFO ] 2024-12-04 19:44:27.877 - Clicked Login
[INFO ] 2024-12-04 19:44:28.201 - Driver closed
[INFO ] 2024-12-04 19:47:21.157 - Driver Started
[INFO ] 2024-12-04 19:47:21.701 - Entered Username and Password
[INFO ] 2024-12-04 19:47:21.806 - Clicked Login
[INFO ] 2024-12-04 19:47:22.110 - Driver closed
[INFO ] 2024-12-04 19:48:46.920 - Driver Started
[INFO ] 2024-12-04 19:48:47.372 - Entered Username and Password
[INFO ] 2024-12-04 19:48:47.606 - Clicked Login
[INFO ] 2024-12-04 19:48:48.165 - Driver closed
[INFO ] 2024-12-04 19:49:13.725 - Driver Started
[INFO ] 2024-12-04 19:49:14.213 - Entered Username and Password
[INFO ] 2024-12-04 19:49:15.012 - Clicked Login
[INFO ] 2024-12-04 19:49:15.335 - Driver closed
[INFO ] 2024-12-04 19:49:18.500 - Driver Started
[INFO ] 2024-12-04 19:49:18.955 - Entered Username and Password
[INFO ] 2024-12-04 19:49:19.256 - Clicked Login
[INFO ] 2024-12-04 19:49:19.614 - Driver closed
[INFO ] 2024-12-04 19:49:22.756 - Driver Started
[INFO ] 2024-12-04 19:49:23.146 - Entered Username and Password
[INFO ] 2024-12-04 19:49:29.011 - Clicked Login
[INFO ] 2024-12-04 19:49:29.392 - Driver closed
[INFO ] 2024-12-04 19:49:32.997 - Driver Started
[INFO ] 2024-12-04 19:49:33.467 - Entered Username and Password
[INFO ] 2024-12-04 19:49:33.666 - Clicked Login
[INFO ] 2024-12-04 19:49:34.068 - Driver closed
[INFO ] 2024-12-04 20:07:06.583 - [Utils] MethodGroupsHelper.collectMethodsByGroup() took 1 ms.
[INFO ] 2024-12-04 20:07:06.591 - [Utils] MethodGroupsHelper.sortMethods() took 3 ms.
[INFO ] 2024-12-04 20:07:06.593 - [Utils] MethodGroupsHelper.collectMethodsByGroup() took 0 ms.
[INFO ] 2024-12-04 20:07:06.594 - [Utils] MethodGroupsHelper.sortMethods() took 0 ms.
[INFO ] 2024-12-04 20:07:06.595 - [Utils] MethodGroupsHelper.collectMethodsByGroup() took 0 ms.
[INFO ] 2024-12-04 20:07:06.595 - [Utils] MethodGroupsHelper.sortMethods() took 0 ms.
[INFO ] 2024-12-04 20:07:06.596 - [Utils] MethodGroupsHelper.collectMethodsByGroup() took 0 ms.
[INFO ] 2024-12-04 20:07:06.596 - [Utils] MethodGroupsHelper.sortMethods() took 0 ms.
[INFO ] 2024-12-04 20:07:06.598 - [Utils] MethodGroupsHelper.collectMethodsByGroup() took 0 ms.
[INFO ] 2024-12-04 20:07:06.632 - [Utils] MethodGroupsHelper.sortMethods() took 33 ms.
[INFO ] 2024-12-04 20:07:06.634 - [Utils] MethodGroupsHelper.collectMethodsByGroup() took 0 ms.
[INFO ] 2024-12-04 20:07:06.635 - [Utils] MethodGroupsHelper.sortMethods() took 0 ms.
[INFO ] 2024-12-04 20:07:06.636 - [Utils] MethodGroupsHelper.collectMethodsByGroup() took 0 ms.
[INFO ] 2024-12-04 20:07:06.636 - [Utils] MethodGroupsHelper.sortMethods() took 0 ms.
[INFO ] 2024-12-04 20:07:06.637 - [Utils] MethodGroupsHelper.collectMethodsByGroup() took 0 ms.
[INFO ] 2024-12-04 20:07:06.637 - [Utils] MethodGroupsHelper.sortMethods() took 0 ms.
[INFO ] 2024-12-04 20:07:06.640 - [Utils] MethodGroupsHelper.collectMethodsByGroup() took 0 ms.
[INFO ] 2024-12-04 20:07:06.640 - [Utils] MethodGroupsHelper.sortMethods() took 0 ms.
[INFO ] 2024-12-04 20:07:06.641 - [Utils] MethodGroupsHelper.collectMethodsByGroup() took 0 ms.
[INFO ] 2024-12-04 20:07:06.641 - [Utils] MethodGroupsHelper.sortMethods() took 0 ms.
[INFO ] 2024-12-04 20:07:06.642 - [Utils] MethodGroupsHelper.collectMethodsByGroup() took 0 ms.
[INFO ] 2024-12-04 20:07:06.642 - [Utils] MethodGroupsHelper.sortMethods() took 0 ms.
[INFO ] 2024-12-04 20:07:06.642 - [Utils] MethodGroupsHelper.collectMethodsByGroup() took 0 ms.
[INFO ] 2024-12-04 20:07:06.642 - [Utils] MethodGroupsHelper.sortMethods() took 0 ms.
[INFO ] 2024-12-04 20:07:06.647 - [Utils] MethodGroupsHelper.collectMethodsByGroup() took 3 ms.
[INFO ] 2024-12-04 20:07:06.648 - [Utils] MethodGroupsHelper.sortMethods() took 1 ms.
[INFO ] 2024-12-04 20:07:06.649 - [Utils] MethodGroupsHelper.collectMethodsByGroup() took 0 ms.
[INFO ] 2024-12-04 20:07:06.649 - [Utils] MethodGroupsHelper.sortMethods() took 0 ms.
[INFO ] 2024-12-04 20:07:06.649 - [Utils] MethodGroupsHelper.collectMethodsByGroup() took 0 ms.
[INFO ] 2024-12-04 20:07:06.650 - [Utils] MethodGroupsHelper.sortMethods() took 0 ms.
[INFO ] 2024-12-04 20:07:06.655 - [TestNG] Running:
  C:\Users\vaibh\IdeaProjects\SuceLabs\src\test\resources\testng.xml

[INFO ] 2024-12-04 20:07:06.672 - [Utils] DynamicGraphHelper.createDynamicGraph() took 5 ms.
[INFO ] 2024-12-04 20:07:06.683 - [TestRunner] Starting executor for test Test Basics 1 with time out:2147483647 milliseconds.
[WARN ] 2024-12-04 20:07:06.960 - The test method 'io.cucumber.testng.AbstractTestNGCucumberTests.runScenario' will be skipped since its data provider 'scenarios' returned an empty array or iterator. 
[INFO ] 2024-12-04 20:07:06.994 - [TestNG] Time taken by org.testng.internal.ExitCodeListener@350ec41e: 0 ms
[WARN ] 2024-12-04 20:20:15.050 - The test method 'io.cucumber.testng.AbstractTestNGCucumberTests.runScenario' will be skipped since its data provider 'scenarios' returned an empty array or iterator. 
[INFO ] 2024-12-04 20:29:50.147 - Driver Started
[INFO ] 2024-12-04 20:29:50.338 - Driver Started
[INFO ] 2024-12-04 20:29:50.526 - Driver Started
[INFO ] 2024-12-04 20:29:50.776 - Driver Started
[INFO ] 2024-12-04 20:29:51.147 - Entered Username and Password
[INFO ] 2024-12-04 20:29:51.246 - Entered Username and Password
[INFO ] 2024-12-04 20:29:51.358 - Entered Username and Password
[INFO ] 2024-12-04 20:29:51.394 - Clicked Login
[INFO ] 2024-12-04 20:29:51.413 - Entered Username and Password
[INFO ] 2024-12-04 20:29:52.081 - Clicked Login
[INFO ] 2024-12-04 20:29:52.160 - Clicked Login
[INFO ] 2024-12-04 20:29:52.676 - Driver closed
[INFO ] 2024-12-04 20:29:52.731 - Driver closed
[INFO ] 2024-12-04 20:29:52.779 - Driver closed
[INFO ] 2024-12-04 20:29:56.893 - Clicked Login
[INFO ] 2024-12-04 20:29:57.183 - Driver closed
[INFO ] 2024-12-04 20:31:36.460 - Driver Started
[INFO ] 2024-12-04 20:31:37.046 - Driver Started
[INFO ] 2024-12-04 20:31:37.127 - Driver Started
[INFO ] 2024-12-04 20:31:37.406 - Entered Username and Password
[INFO ] 2024-12-04 20:31:37.666 - Entered Username and Password
[INFO ] 2024-12-04 20:31:37.695 - Entered Username and Password
[INFO ] 2024-12-04 20:31:37.882 - Clicked Login
[INFO ] 2024-12-04 20:31:38.848 - Driver closed
[INFO ] 2024-12-04 20:31:40.701 - Driver Started
[INFO ] 2024-12-04 20:31:41.083 - Entered Username and Password
[INFO ] 2024-12-04 20:31:41.207 - Clicked Login
[INFO ] 2024-12-04 20:31:41.638 - Driver closed
[INFO ] 2024-12-04 20:31:42.279 - Clicked Login
[INFO ] 2024-12-04 20:31:42.715 - Driver closed
[INFO ] 2024-12-04 20:31:43.363 - Clicked Login
[INFO ] 2024-12-04 20:31:43.630 - Driver closed
